<?xml version="1.0" encoding="UTF-8"?>
<testng-results ignored="0" total="1" passed="1" failed="0" skipped="0">
  <reporter-output>
    <line>
      <![CDATA[Browser window is maximized successfully]]>
    </line>
  </reporter-output>
  <suite started-at="2022-12-01T09:06:49 IST" name="Default suite" finished-at="2022-12-01T09:07:52 IST" duration-ms="63618">
    <groups>
    </groups>
    <test started-at="2022-12-01T09:06:49 IST" name="Default test" finished-at="2022-12-01T09:07:52 IST" duration-ms="63618">
      <class name="test_Scripts.ProductDeatilsTest">
        <test-method is-config="true" signature="beforeSuit()[pri:0, instance:test_Scripts.ProductDeatilsTest@4fb61f4a]" started-at="2022-12-01T09:06:48 IST" name="beforeSuit" finished-at="2022-12-01T09:06:49 IST" duration-ms="437" status="PASS">
          <reporter-output>
          </reporter-output>
        </test-method> <!-- beforeSuit -->
        <test-method is-config="true" signature="browserSetup()[pri:0, instance:test_Scripts.ProductDeatilsTest@4fb61f4a]" started-at="2022-12-01T09:06:49 IST" name="browserSetup" finished-at="2022-12-01T09:06:58 IST" duration-ms="9127" status="PASS">
          <reporter-output>
            <line>
              <![CDATA[Browser window is maximized successfully]]>
            </line>
          </reporter-output>
        </test-method> <!-- browserSetup -->
        <test-method signature="validateProductDetails()[pri:0, instance:test_Scripts.ProductDeatilsTest@4fb61f4a]" started-at="2022-12-01T09:06:58 IST" name="validateProductDetails" finished-at="2022-12-01T09:07:51 IST" duration-ms="53311" status="PASS">
          <reporter-output>
          </reporter-output>
        </test-method> <!-- validateProductDetails -->
        <test-method is-config="true" signature="CloseApp()[pri:0, instance:test_Scripts.ProductDeatilsTest@4fb61f4a]" started-at="2022-12-01T09:07:51 IST" name="CloseApp" finished-at="2022-12-01T09:07:52 IST" duration-ms="1109" status="PASS">
          <reporter-output>
          </reporter-output>
        </test-method> <!-- CloseApp -->
        <test-method is-config="true" signature="afterSuite()[pri:0, instance:test_Scripts.ProductDeatilsTest@4fb61f4a]" started-at="2022-12-01T09:07:53 IST" name="afterSuite" finished-at="2022-12-01T09:07:53 IST" duration-ms="686" status="PASS">
          <reporter-output>
          </reporter-output>
        </test-method> <!-- afterSuite -->
      </class> <!-- test_Scripts.ProductDeatilsTest -->
    </test> <!-- Default test -->
  </suite> <!-- Default suite -->
</testng-results>
